<?xml version="1.0" encoding="UTF-8"?>
<!-- Generated by org.testng.reporters.JUnitXMLReporter -->
<testsuite ignored="0" hostname="LAPTOP-1826LOER" failures="0" tests="4" name="Default test" time="32.294" errors="0" timestamp="24 Nov 2022 03:00:12 GMT">
  <testcase classname="com.acti.testacase.LoginPageTests" name="testLoginPageTitle" time="6.842"/>
  <testcase classname="com.acti.testacase.LoginPageTests" name="testActiImageIsDisplayed" time="6.52"/>
  <testcase classname="com.acti.testacase.LoginPageTests" name="testForgotPasswordIsDisplayed" time="6.098"/>
  <testcase classname="com.acti.testacase.LoginPageTests" name="testLoginFunction" time="12.775"/>
</testsuite> <!-- Default test -->
