<?xml version="1.0" encoding="UTF-8"?>
<!-- Generated by org.testng.reporters.JUnitXMLReporter -->
<testsuite ignored="0" hostname="LAPTOP-1826LOER" failures="0" tests="6" name="Test" time="75.117" errors="0" timestamp="01 Dec 2022 02:49:57 GMT">
  <testcase classname="com.acti.testacase.TaskPageTests" name="testCreateCustomer" time="9.177"/>
  <testcase classname="com.acti.testacase.TaskPageTests" name="testDeleteCustomer" time="15.461"/>
  <testcase classname="com.acti.testacase.LoginPageTests" name="testActiImageIsDisplayed" time="0.07"/>
  <testcase classname="com.acti.testacase.LoginPageTests" name="testForgotPasswordIsDisplayed" time="0.057"/>
  <testcase classname="com.acti.testacase.LoginPageTests" name="testLoginFunction" time="4.683"/>
  <testcase classname="com.acti.testacase.LoginPageTests" name="testLoginPageTitle" time="0.009"/>
</testsuite> <!-- Test -->
