<?xml version="1.0" encoding="UTF-8"?>
<testng-results ignored="0" total="4" passed="4" failed="0" skipped="0">
  <reporter-output>
  </reporter-output>
  <suite started-at="2022-11-24T02:59:39Z" name="Default suite" finished-at="2022-11-24T03:00:11Z" duration-ms="32294">
    <groups>
    </groups>
    <test started-at="2022-11-24T02:59:39Z" name="Default test" finished-at="2022-11-24T03:00:11Z" duration-ms="32294">
      <class name="com.acti.testacase.LoginPageTests">
        <test-method signature="testLoginPageTitle()[pri:1, instance:com.acti.testacase.LoginPageTests@12d2ce03]" started-at="2022-11-24T02:59:39Z" name="testLoginPageTitle" finished-at="2022-11-24T02:59:46Z" duration-ms="6842" status="PASS">
          <reporter-output>
          </reporter-output>
        </test-method> <!-- testLoginPageTitle -->
        <test-method signature="testActiImageIsDisplayed()[pri:2, instance:com.acti.testacase.LoginPageTests@12d2ce03]" started-at="2022-11-24T02:59:46Z" name="testActiImageIsDisplayed" finished-at="2022-11-24T02:59:53Z" duration-ms="6520" status="PASS">
          <reporter-output>
          </reporter-output>
        </test-method> <!-- testActiImageIsDisplayed -->
        <test-method signature="testForgotPasswordIsDisplayed()[pri:3, instance:com.acti.testacase.LoginPageTests@12d2ce03]" started-at="2022-11-24T02:59:53Z" name="testForgotPasswordIsDisplayed" finished-at="2022-11-24T02:59:59Z" duration-ms="6098" status="PASS">
          <reporter-output>
          </reporter-output>
        </test-method> <!-- testForgotPasswordIsDisplayed -->
        <test-method signature="testLoginFunction()[pri:4, instance:com.acti.testacase.LoginPageTests@12d2ce03]" started-at="2022-11-24T02:59:59Z" name="testLoginFunction" finished-at="2022-11-24T03:00:11Z" duration-ms="12775" status="PASS">
          <reporter-output>
          </reporter-output>
        </test-method> <!-- testLoginFunction -->
      </class> <!-- com.acti.testacase.LoginPageTests -->
    </test> <!-- Default test -->
  </suite> <!-- Default suite -->
</testng-results>
